<?xml version="1.0" encoding="UTF-8"?>
<!-- Generated by org.testng.reporters.JUnitReportReporter -->
<testsuite hostname="DESKTOP-QORIL8E" failures="0" tests="2" name="TestNGDemo.groups" time="0.016" errors="0" timestamp="2022-08-23T17:02:43 IST" skipped="0">
  <testcase classname="TestNGDemo.groups" name="four" time="0.014"/>
  <system-out/>
  <testcase classname="TestNGDemo.groups" name="two" time="0.002"/>
  <system-out/>
</testsuite> <!-- TestNGDemo.groups -->
