<?xml version="1.0" encoding="UTF-8"?>
<!-- Generated by org.testng.reporters.JUnitReportReporter -->
<testsuite hostname="DESKTOP-QORIL8E" failures="0" tests="2" name="TestNGDemo.FlowExection" time="33.924" errors="0" timestamp="2022-08-24T12:12:10 IST" skipped="0">
  <testcase classname="TestNGDemo.FlowExection" name="test1" time="18.560"/>
  <system-out/>
  <testcase classname="TestNGDemo.FlowExection" name="test1" time="15.364"/>
  <system-out/>
</testsuite> <!-- TestNGDemo.FlowExection -->
